<?xml version="1.0" encoding="UTF-8" ?>
<testsuites>
 <testsuite name="Testcases/TC_01_script" package="GNUCash.suite" timestamp="2025-10-23 14:38:47.150 +0530"
 tests="1"  failures="1" errors="0" time="14.039000">
  <properties>
   <property name="RunDate" value="2025-10-23 14:38:47.150 +0530"/>
   <property name="Status" value="Failure"/>
  </properties>
  <testcase name="Testcases/TC_01.script" assertions="1" status="failure"  time="14.029">
    <failure type="FAILURE" message="STUnknownMessage: ERROR: No Such Function: &apos;determineimageortext&apos; -- Execution Time 0:00:14 Testcases/TC_01.script" />
  </testcase>
 </testsuite>
</testsuites>
