<?xml version="1.0" encoding="UTF-8" ?>
<testsuites>
 <testsuite name="Testcases/TC_01_AddNewEmployeeInPMPModule_script" package="GNUCash.suite" timestamp="2025-10-29 11:05:41.532 +0530"
 tests="1"  failures="1" errors="0" time="224.308000">
  <properties>
   <property name="RunDate" value="2025-10-29 11:05:41.532 +0530"/>
   <property name="Status" value="Failure"/>
  </properties>
  <testcase name="Testcases/TC_01_AddNewEmployeeInPMPModule.script" assertions="1" status="failure"  time="224.266">
    <failure type="FAILURE" message="SenseTalk Runtime Exception: Invalid operands for addition: expected numbers, dates and/or lists; got &apos;&apos; and &apos;[163,410]&apos; -- Execution Time 0:03:44 Testcases/TC_01_AddNewEmployeeInPMPModule.script" />
  </testcase>
 </testsuite>
</testsuites>
