<?xml version="1.0" encoding="UTF-8" ?>
<testsuites>
 <testsuite name="Testcases/TC_01_script" package="GNUCash.suite" timestamp="2025-10-23 15:53:22.727 +0530"
 tests="1"  failures="1" errors="0" time="8.948000">
  <properties>
   <property name="RunDate" value="2025-10-23 15:53:22.727 +0530"/>
   <property name="Status" value="Failure"/>
  </properties>
  <testcase name="Testcases/TC_01.script" assertions="1" status="failure"  time="8.924">
    <failure type="FAILURE" message="STInvalidParameters: Command wait was called with invalid parameters -- Execution Time 0:00:08 Testcases/TC_01.script" />
  </testcase>
 </testsuite>
</testsuites>
