<?xml version="1.0" encoding="UTF-8" ?>
<testsuites>
 <testsuite name="Testcases/TC_01_AddNewEmployeeInPMPModule_script" package="GNUCash.suite" timestamp="2025-10-30 10:34:59.565 +0530"
 tests="1"  failures="1" errors="1" time="142.191000">
  <properties>
   <property name="RunDate" value="2025-10-30 10:34:59.565 +0530"/>
   <property name="Status" value="Failure"/>
  </properties>
  <testcase name="Testcases/TC_01_AddNewEmployeeInPMPModule.script" assertions="6" status="error"  time="142.181">
    <failure type="FAILURE" message="Image Not Found: WaitFor Error - Unable To Find Any Image On Screen &quot;(TEXT:&quot;Login&quot;)&quot; within 30.00 seconds. Text not found.  Restricted Search Rectangle ((0,540),(1920,1080))\n -- Execution Time 0:02:22 Testcases/TC_01_AddNewEmployeeInPMPModule.script" />
    <error type="Exception" message="Unable To Find Any Image On Screen &quot;(TEXT:&quot;Login&quot;)&quot; within 30.00 seconds. Text not found." />
  </testcase>
 </testsuite>
</testsuites>
