2025-11-03 15:13:01.818 +0530	START		Running MobileTesting.script
2025-11-03 15:13:02.151 +0530	typetext		[controlKey]l	1	on_mobiletesting	MobileTesting.script
2025-11-03 15:13:03.260 +0530	typetext		[controlKey]ac	3	on_mobiletesting	MobileTesting.script
2025-11-03 15:13:06.149 +0530	Log			5	on_mobiletesting	MobileTesting.script
2025-11-03 15:13:07.269 +0530	click		at (20, 200)	7	on_mobiletesting	MobileTesting.script
2025-11-03 15:13:10.183 +0530	EndTestCase		(Duration:"8.359", Errors:"1", Exceptions:"0", StartTime:"2025-11-03 15:13:01 +0530", Successes:"0", TestCase:"MobileTesting.script", Warnings:"0")
2025-11-03 15:13:11.740 +0530	FAILURE	Screen_Error.png	InvalidCommandOrRange: Not a valid command, or else incorrect types given for a range (must be numbers, date/times, or single characters -- got "" TO " ") -- Execution Time 0:00:08 MobileTesting.script
2025-11-03 15:13:14.203 +0530	FAILURE	Screen_Error_Web.png	InvalidCommandOrRange: Not a valid command, or else incorrect types given for a range (must be numbers, date/times, or single characters -- got "" TO " ") -- Execution Time 0:00:08 MobileTesting.script
