<?xml version="1.0" encoding="UTF-8" ?>
<testsuites>
 <testsuite name="Testcases/TC_01_AddNewEmployeeInPMPModule_script" package="GNUCash.suite" timestamp="2025-10-30 10:18:14.734 +0530"
 tests="1"  failures="1" errors="0" time="21.328000">
  <properties>
   <property name="RunDate" value="2025-10-30 10:18:14.734 +0530"/>
   <property name="Status" value="Failure"/>
  </properties>
  <testcase name="Testcases/TC_01_AddNewEmployeeInPMPModule.script" assertions="1" status="failure"  time="21.307">
    <failure type="FAILURE" message="STUnknownMessage: ERROR: No Such Function: &apos;determineimageortext&apos; -- Execution Time 0:00:21 Testcases/TC_01_AddNewEmployeeInPMPModule.script" />
  </testcase>
 </testsuite>
</testsuites>
