<?xml version="1.0" encoding="UTF-8" ?>
<testsuites>
 <testsuite name="Testcases/TC_01_AddNewEmployeeInPMPModule_script" package="GNUCash.suite" timestamp="2025-10-30 10:16:20.947 +0530"
 tests="1"  failures="1" errors="0" time="23.796000">
  <properties>
   <property name="RunDate" value="2025-10-30 10:16:20.947 +0530"/>
   <property name="Status" value="Failure"/>
  </properties>
  <testcase name="Testcases/TC_01_AddNewEmployeeInPMPModule.script" assertions="1" status="failure"  time="23.777">
    <failure type="FAILURE" message="STUnknownMessage: ERROR: No Such Command: &apos;validate&apos; -- Execution Time 0:00:23 Testcases/TC_01_AddNewEmployeeInPMPModule.script" />
  </testcase>
 </testsuite>
</testsuites>
